<?xml version="1.0" encoding="UTF-8"?><testsuite errors="0" failures="1" name="com.localhost.studentinfo.StudentCRUDTestWithSteps" skipped="0" tests="1" time="7.33" timestamp="2022-01-09T18:43:03.077Z[Europe/London]"><testcase classname="com.localhost.studentinfo.StudentCRUDTestWithSteps" name="Update the user information and verify the updated information"><failure message="1 expectation failed.&#10;Expected status code &lt;200&gt; but was &lt;500&gt;.&#10;" type="java.lang.AssertionError">1 expectation failed.
Expected status code &lt;200&gt; but was &lt;500&gt;.
</failure><system-err>1 expectation failed.
Expected status code &lt;200&gt; but was &lt;500&gt;.
&#13;
io.restassured.internal.ResponseSpecificationImpl.validateResponseIfRequired(ResponseSpecificationImpl.groovy:636)&#13;
io.restassured.internal.ResponseSpecificationImpl.statusCode(ResponseSpecificationImpl.groovy:122)&#13;
io.restassured.internal.ResponseSpecificationImpl.statusCode(ResponseSpecificationImpl.groovy:130)&#13;
io.restassured.internal.ValidatableResponseOptionsImpl.statusCode(ValidatableResponseOptionsImpl.java:117)&#13;
com.localhost.studentinfo.StudentCRUDTestWithSteps.test003(StudentCRUDTestWithSteps.java:57)&#13;
</system-err></testcase></testsuite>